{
  "RSpec": {
    "coverage": {
      "/Users/alfonsoghislieri/Coding/Makers/Week2/Oyster-Cards2/oyster-card/spec/journey_log_spec.rb": {
        "lines": [
          1,
          null,
          1,
          6,
          6,
          null,
          1,
          1,
          1,
          null,
          null,
          1,
          1,
          null,
          null,
          1,
          1,
          null,
          null,
          1,
          1,
          1,
          1,
          null,
          null,
          1,
          1,
          1,
          null,
          null
        ]
      },
      "/Users/alfonsoghislieri/Coding/Makers/Week2/Oyster-Cards2/oyster-card/lib/journey_log.rb": {
        "lines": [
          1,
          null,
          1,
          1,
          null,
          1,
          14,
          14,
          14,
          null,
          null,
          1,
          7,
          6,
          null,
          1,
          1,
          null,
          null,
          null,
          1,
          4,
          3,
          3,
          3,
          3,
          3,
          null,
          1,
          1,
          1,
          1,
          1,
          1,
          null,
          null,
          null,
          1,
          17,
          null,
          null,
          1,
          3,
          null,
          null,
          1,
          null,
          1,
          7,
          7,
          null,
          null,
          null
        ]
      },
      "/Users/alfonsoghislieri/Coding/Makers/Week2/Oyster-Cards2/oyster-card/lib/journey.rb": {
        "lines": [
          null,
          1,
          1,
          1,
          1,
          null,
          1,
          14,
          14,
          null,
          null,
          1,
          9,
          null,
          null,
          1,
          6,
          null,
          null,
          1,
          2,
          1,
          null,
          null,
          1,
          6,
          3,
          null,
          null,
          null,
          null,
          null
        ]
      },
      "/Users/alfonsoghislieri/Coding/Makers/Week2/Oyster-Cards2/oyster-card/spec/journey_spec.rb": {
        "lines": [
          1,
          null,
          1,
          7,
          null,
          1,
          1,
          null,
          null,
          1,
          1,
          1,
          null,
          null,
          1,
          1,
          1,
          null,
          null,
          1,
          1,
          null,
          null,
          1,
          1,
          1,
          1,
          null,
          null,
          1,
          1,
          null,
          null,
          null
        ]
      },
      "/Users/alfonsoghislieri/Coding/Makers/Week2/Oyster-Cards2/oyster-card/spec/oyster_spec.rb": {
        "lines": [
          1,
          1,
          null,
          1,
          10,
          5,
          4,
          null,
          1,
          1,
          null,
          null,
          1,
          1,
          null,
          null,
          1,
          4,
          null,
          null,
          1,
          2,
          null,
          null,
          null,
          null,
          null,
          null,
          null,
          null,
          null,
          1,
          2,
          null,
          null,
          1,
          1,
          1,
          4,
          null,
          null,
          1,
          1,
          1,
          4,
          null,
          null,
          1,
          4,
          null,
          null,
          1,
          1,
          1,
          1,
          1,
          null,
          null,
          null,
          null,
          null,
          null
        ]
      },
      "/Users/alfonsoghislieri/Coding/Makers/Week2/Oyster-Cards2/oyster-card/lib/oyster.rb": {
        "lines": [
          1,
          1,
          null,
          1,
          1,
          1,
          1,
          1,
          null,
          1,
          9,
          9,
          null,
          null,
          1,
          5,
          null,
          null,
          1,
          5,
          null,
          null,
          1,
          5,
          4,
          null,
          null,
          1,
          5,
          4,
          4,
          null,
          null,
          1,
          3,
          null,
          null,
          1,
          1,
          null,
          null,
          1,
          null,
          1,
          4,
          null,
          null,
          null
        ]
      },
      "/Users/alfonsoghislieri/Coding/Makers/Week2/Oyster-Cards2/oyster-card/spec/station_spec.rb": {
        "lines": [
          1,
          null,
          1,
          1,
          1,
          1,
          null,
          null
        ]
      },
      "/Users/alfonsoghislieri/Coding/Makers/Week2/Oyster-Cards2/oyster-card/lib/station.rb": {
        "lines": [
          1,
          1,
          1,
          null,
          1,
          1,
          1,
          null,
          null
        ]
      }
    },
    "timestamp": 1637842126
  }
}
